  Roblox Spoofer.cpp
C:\Program Files\Microsoft Visual Studio\2022\Community\VC\Tools\MSVC\14.37.32822\include\xstring(2728,53): warning C4244: 'argument': conversion from 'TCHAR' to 'const _Elem', possible loss of data
          with
          [
              _Elem=char
          ]
C:\Program Files\Microsoft Visual Studio\2022\Community\VC\Tools\MSVC\14.37.32822\include\xstring(2584,17): message : see reference to function template instantiation 'void std::basic_string<char,std::char_traits<char>,std::allocator<char>>::_Construct_from_iter<TCHAR*,TCHAR*,_Size_type>(_Iter,const _Sent,_Size)' being compiled
          with
          [
              _Size_type=unsigned __int64,
              _Iter=TCHAR *,
              _Sent=TCHAR *,
              _Size=unsigned __int64
          ]
C:\Users\panda2\source\repos\Roblox Spoofer\Roblox Spoofer\Roblox Spoofer.cpp(128,66): message : see reference to function template instantiation 'std::basic_string<char,std::char_traits<char>,std::allocator<char>>::basic_string<TCHAR*,0>(_Iter,_Iter,const _Alloc &)' being compiled
          with
          [
              _Iter=TCHAR *,
              _Alloc=std::allocator<char>
          ]
C:\Users\panda2\source\repos\Roblox Spoofer\Roblox Spoofer\Roblox Spoofer.cpp(128,54): message : see the first reference to 'std::basic_string<char,std::char_traits<char>,std::allocator<char>>::basic_string' in 'SpoofMAC'
  Roblox Spoofer.vcxproj -> C:\Users\panda2\source\repos\Roblox Spoofer\x64\Debug\Roblox Spoofer.exe
